c:\gfx\aclass21\aaassts\asst8\sol\debug\vc142.pdb
c:\gfx\aclass21\aaassts\asst8\sol\debug\vc142.idb
c:\gfx\aclass21\aaassts\asst8\sol\debug\asst8.obj
c:\gfx\aclass21\aaassts\asst8\sol\debug\geometry.obj
c:\gfx\aclass21\aaassts\asst8\sol\debug\glsupport.obj
c:\gfx\aclass21\aaassts\asst8\sol\debug\material.obj
c:\gfx\aclass21\aaassts\asst8\sol\debug\picker.obj
c:\gfx\aclass21\aaassts\asst8\sol\debug\ppm.obj
c:\gfx\aclass21\aaassts\asst8\sol\debug\renderstates.obj
c:\gfx\aclass21\aaassts\asst8\sol\debug\scenegraph.obj
c:\gfx\aclass21\aaassts\asst8\sol\debug\texture.obj
c:\gfx\aclass21\aaassts\asst8\sol\debug\asst8.ilk
c:\gfx\aclass21\aaassts\asst8\sol\debug\asst8.exe
c:\gfx\aclass21\aaassts\asst8\sol\debug\asst8.pdb
c:\gfx\aclass22\aaassts\asst8\sol\debug\asst8.obj
c:\gfx\aclass22\aaassts\asst8\sol\debug\geometry.obj
c:\gfx\aclass22\aaassts\asst8\sol\debug\glsupport.obj
c:\gfx\aclass22\aaassts\asst8\sol\debug\material.obj
c:\gfx\aclass22\aaassts\asst8\sol\debug\picker.obj
c:\gfx\aclass22\aaassts\asst8\sol\debug\ppm.obj
c:\gfx\aclass22\aaassts\asst8\sol\debug\renderstates.obj
c:\gfx\aclass22\aaassts\asst8\sol\debug\scenegraph.obj
c:\gfx\aclass22\aaassts\asst8\sol\debug\texture.obj
c:\gfx\aclass22\aaassts\asst8\sol\debug\asst8.ilk
c:\gfx\aclass22\aaassts\asst8\sol\debug\vc142.idb
c:\gfx\aclass22\aaassts\asst8\sol\debug\asst8.pdb
c:\gfx\aclass22\aaassts\asst8\sol\debug\vc142.pdb
c:\gfx\aclass22\aaassts\asst8\sol\.\debug\asst8.exe
c:\gfx\aclass22\aaassts\asst8\sol\debug\asst8.tlog\cl.command.1.tlog
c:\gfx\aclass22\aaassts\asst8\sol\debug\asst8.tlog\cl.read.1.tlog
c:\gfx\aclass22\aaassts\asst8\sol\debug\asst8.tlog\cl.write.1.tlog
c:\gfx\aclass22\aaassts\asst8\sol\debug\asst8.tlog\link.command.1.tlog
c:\gfx\aclass22\aaassts\asst8\sol\debug\asst8.tlog\link.read.1.tlog
c:\gfx\aclass22\aaassts\asst8\sol\debug\asst8.tlog\link.write.1.tlog
